<?xml version="1.0" encoding="UTF-8"?>
<!-- Generated by org.testng.reporters.JUnitXMLReporter -->
<testsuite hostname="DESKTOP-Q9I17PC" ignored="0" name="Default test" tests="4" failures="0" timestamp="2023-04-01T15:34:41 IST" time="62.614" errors="0">
  <testcase name="Login" time="14.863" classname="org.youthwelfaresportsdevelopment.LoginSports"/>
  <testcase name="Login" time="11.596" classname="org.youthwelfaresportsdevelopment.LoginSports"/>
  <testcase name="Login" time="15.85" classname="org.youthwelfaresportsdevelopment.LoginSports"/>
  <testcase name="Login" time="18.994" classname="org.youthwelfaresportsdevelopment.LoginSports"/>
</testsuite> <!-- Default test -->
