<?xml version="1.0" encoding="UTF-8"?>
<testng-results skipped="0" failed="0" ignored="0" total="4" passed="4">
  <reporter-output>
  </reporter-output>
  <suite name="Default suite" duration-ms="62614" started-at="2023-04-01T15:33:38 IST" finished-at="2023-04-01T15:34:41 IST">
    <groups>
    </groups>
    <test name="Default test" duration-ms="62614" started-at="2023-04-01T15:33:38 IST" finished-at="2023-04-01T15:34:41 IST">
      <class name="org.youthwelfaresportsdevelopment.LoginSports">
        <test-method status="PASS" signature="createExcel()[pri:0, instance:org.youthwelfaresportsdevelopment.LoginSports@6acdbdf5]" name="createExcel" is-config="true" duration-ms="939" started-at="2023-04-01T15:33:38 IST" finished-at="2023-04-01T15:33:39 IST">
          <reporter-output>
          </reporter-output>
        </test-method> <!-- createExcel -->
        <test-method status="PASS" signature="Login(java.lang.String, java.lang.String)[pri:0, instance:org.youthwelfaresportsdevelopment.LoginSports@6acdbdf5]" name="Login" duration-ms="14863" started-at="2023-04-01T15:33:39 IST" data-provider="Login" finished-at="2023-04-01T15:33:54 IST">
          <params>
            <param index="0">
              <value>
                <![CDATA[divya123@gmail.com]]>
              </value>
            </param>
            <param index="1">
              <value>
                <![CDATA[divya&12D]]>
              </value>
            </param>
          </params>
          <reporter-output>
          </reporter-output>
        </test-method> <!-- Login -->
        <test-method status="PASS" signature="Login(java.lang.String, java.lang.String)[pri:0, instance:org.youthwelfaresportsdevelopment.LoginSports@6acdbdf5]" name="Login" duration-ms="11596" started-at="2023-04-01T15:33:54 IST" data-provider="Login" finished-at="2023-04-01T15:34:06 IST">
          <params>
            <param index="0">
              <value>
                <![CDATA[divya123@gmail.com]]>
              </value>
            </param>
            <param index="1">
              <value>
                <![CDATA[divya2D]]>
              </value>
            </param>
          </params>
          <reporter-output>
          </reporter-output>
        </test-method> <!-- Login -->
        <test-method status="PASS" signature="Login(java.lang.String, java.lang.String)[pri:0, instance:org.youthwelfaresportsdevelopment.LoginSports@6acdbdf5]" name="Login" duration-ms="15850" started-at="2023-04-01T15:34:06 IST" data-provider="Login" finished-at="2023-04-01T15:34:22 IST">
          <params>
            <param index="0">
              <value>
                <![CDATA[divya@gmail.com]]>
              </value>
            </param>
            <param index="1">
              <value>
                <![CDATA[divya&12D]]>
              </value>
            </param>
          </params>
          <reporter-output>
          </reporter-output>
        </test-method> <!-- Login -->
        <test-method status="PASS" signature="Login(java.lang.String, java.lang.String)[pri:0, instance:org.youthwelfaresportsdevelopment.LoginSports@6acdbdf5]" name="Login" duration-ms="18994" started-at="2023-04-01T15:34:22 IST" data-provider="Login" finished-at="2023-04-01T15:34:41 IST">
          <params>
            <param index="0">
              <value>
                <![CDATA[divya@gmail.com]]>
              </value>
            </param>
            <param index="1">
              <value>
                <![CDATA[divya]]>
              </value>
            </param>
          </params>
          <reporter-output>
          </reporter-output>
        </test-method> <!-- Login -->
      </class> <!-- org.youthwelfaresportsdevelopment.LoginSports -->
    </test> <!-- Default test -->
  </suite> <!-- Default suite -->
</testng-results>
